0 info it worked if it ends with ok
1 verbose cli [ '/usr/local/bin/node',
1 verbose cli   '/usr/local/bin/npm',
1 verbose cli   'run',
1 verbose cli   'scss-compile' ]
2 info using npm@3.10.10
3 info using node@v6.9.4
4 verbose run-script [ 'prescss-compile', 'scss-compile', 'postscss-compile' ]
5 info lifecycle exit.css@1.0.0~prescss-compile: exit.css@1.0.0
6 silly lifecycle exit.css@1.0.0~prescss-compile: no script for prescss-compile, continuing
7 info lifecycle exit.css@1.0.0~scss-compile: exit.css@1.0.0
8 verbose lifecycle exit.css@1.0.0~scss-compile: unsafe-perm in lifecycle true
9 verbose lifecycle exit.css@1.0.0~scss-compile: PATH: /usr/local/lib/node_modules/npm/bin/node-gyp-bin:/Users/nayunhwan/Code/exit.css/node_modules/.bin:/usr/local/bin:/usr/bin:/bin:/usr/sbin:/sbin:/usr/local/share/dotnet
10 verbose lifecycle exit.css@1.0.0~scss-compile: CWD: /Users/nayunhwan/Code/exit.css
11 silly lifecycle exit.css@1.0.0~scss-compile: Args: [ '-c', 'node-sass -rw / -o ./convert.css' ]
12 info lifecycle exit.css@1.0.0~scss-compile: Failed to exec scss-compile script
13 verbose stack Error: exit.css@1.0.0 scss-compile: `node-sass -rw / -o ./convert.css`
13 verbose stack spawn ENOENT
13 verbose stack     at ChildProcess.<anonymous> (/usr/local/lib/node_modules/npm/lib/utils/spawn.js:33:16)
13 verbose stack     at emitTwo (events.js:106:13)
13 verbose stack     at ChildProcess.emit (events.js:191:7)
13 verbose stack     at maybeClose (internal/child_process.js:877:16)
13 verbose stack     at Process.ChildProcess._handle.onexit (internal/child_process.js:226:5)
14 verbose pkgid exit.css@1.0.0
15 verbose cwd /Users/nayunhwan/Code/exit.css
16 error Darwin 16.3.0
17 error argv "/usr/local/bin/node" "/usr/local/bin/npm" "run" "scss-compile"
18 error node v6.9.4
19 error npm  v3.10.10
20 error file sh
21 error code ELIFECYCLE
22 error errno ENOENT
23 error syscall spawn
24 error exit.css@1.0.0 scss-compile: `node-sass -rw / -o ./convert.css`
24 error spawn ENOENT
25 error Failed at the exit.css@1.0.0 scss-compile script 'node-sass -rw / -o ./convert.css'.
25 error Make sure you have the latest version of node.js and npm installed.
25 error If you do, this is most likely a problem with the exit.css package,
25 error not with npm itself.
25 error Tell the author that this fails on your system:
25 error     node-sass -rw / -o ./convert.css
25 error You can get information on how to open an issue for this project with:
25 error     npm bugs exit.css
25 error Or if that isn't available, you can get their info via:
25 error     npm owner ls exit.css
25 error There is likely additional logging output above.
26 verbose exit [ 1, true ]
